<?xml version="1.0" encoding="UTF-8" standalone="no"?>
<testsuite errors="0" failures="0" name="io.cucumber.core.plugin.JUnitFormatter" skipped="0" tests="1" time="9.275">
<testcase classname="Google Search Engine" name="Search in Google for a Specific Data" time="8.85">
<system-out><![CDATA[Given User  launch google browser...........................................passed
When User  enters "laptop" in searchbox.....................................passed
And User  clicks on SearchButton............................................passed
Then Search results page Title should contain "Google Search"...............passed
]]></system-out>
</testcase>
</testsuite>
